c:\users\moustachespy\documents\visual studio 2015\projects\jumpman engine\jumpman engine\debug\jumpman engine.pch
c:\users\moustachespy\documents\visual studio 2015\projects\jumpman engine\jumpman engine\debug\vc140.pdb
c:\users\moustachespy\documents\visual studio 2015\projects\jumpman engine\jumpman engine\debug\vc140.idb
c:\users\moustachespy\documents\visual studio 2015\projects\jumpman engine\jumpman engine\debug\stdafx.obj
c:\users\moustachespy\documents\visual studio 2015\projects\jumpman engine\jumpman engine\debug\juma_animatedtexture.obj
c:\users\moustachespy\documents\visual studio 2015\projects\jumpman engine\jumpman engine\debug\juma_audio.obj
c:\users\moustachespy\documents\visual studio 2015\projects\jumpman engine\jumpman engine\debug\juma_bitmanipulator.obj
c:\users\moustachespy\documents\visual studio 2015\projects\jumpman engine\jumpman engine\debug\juma_font.obj
c:\users\moustachespy\documents\visual studio 2015\projects\jumpman engine\jumpman engine\debug\juma_gameobject.obj
c:\users\moustachespy\documents\visual studio 2015\projects\jumpman engine\jumpman engine\debug\juma_liftoff.obj
c:\users\moustachespy\documents\visual studio 2015\projects\jumpman engine\jumpman engine\debug\juma_materials.obj
c:\users\moustachespy\documents\visual studio 2015\projects\jumpman engine\jumpman engine\debug\juma_matrices.obj
c:\users\moustachespy\documents\visual studio 2015\projects\jumpman engine\jumpman engine\debug\juma_shaders.obj
c:\users\moustachespy\documents\visual studio 2015\projects\jumpman engine\jumpman engine\debug\juma_shapes.obj
c:\users\moustachespy\documents\visual studio 2015\projects\jumpman engine\jumpman engine\debug\juma_textures.obj
c:\users\moustachespy\documents\visual studio 2015\projects\jumpman engine\jumpman engine\debug\jumpman engine.obj
c:\users\moustachespy\documents\visual studio 2015\projects\jumpman engine\debug\jumpman engine.ilk
c:\users\moustachespy\documents\visual studio 2015\projects\jumpman engine\debug\jumpman engine.exe
c:\users\moustachespy\documents\visual studio 2015\projects\jumpman engine\debug\jumpman engine.pdb
c:\users\moustachespy\documents\visual studio 2015\projects\jumpman engine\jumpman engine\debug\jumpman engine.tlog\cl.command.1.tlog
c:\users\moustachespy\documents\visual studio 2015\projects\jumpman engine\jumpman engine\debug\jumpman engine.tlog\cl.read.1.tlog
c:\users\moustachespy\documents\visual studio 2015\projects\jumpman engine\jumpman engine\debug\jumpman engine.tlog\cl.write.1.tlog
c:\users\moustachespy\documents\visual studio 2015\projects\jumpman engine\jumpman engine\debug\jumpman engine.tlog\link.command.1.tlog
c:\users\moustachespy\documents\visual studio 2015\projects\jumpman engine\jumpman engine\debug\jumpman engine.tlog\link.read.1.tlog
c:\users\moustachespy\documents\visual studio 2015\projects\jumpman engine\jumpman engine\debug\jumpman engine.tlog\link.write.1.tlog
