  stdafx.cpp
c:\users\moustachespy\documents\visual studio 2015\projects\jumpman engine\jumpman engine\libraries\include\stdafx.cpp(5): fatal error C1083: Cannot open precompiled header file: 'x64\Debug\jumpman engine.pch': No such file or directory
  jumpman engine.cpp
c:\users\moustachespy\documents\visual studio 2015\projects\jumpman engine\jumpman engine\jumpman engine.cpp(4): fatal error C1083: Cannot open precompiled header file: 'x64\Debug\jumpman engine.pch': No such file or directory
  JUMA_textures.cpp
c:\users\moustachespy\documents\visual studio 2015\projects\jumpman engine\jumpman engine\enginefiles\sourcefiles\juma_textures.cpp(1): fatal error C1083: Cannot open precompiled header file: 'x64\Debug\jumpman engine.pch': No such file or directory
  JUMA_shapes.cpp
c:\users\moustachespy\documents\visual studio 2015\projects\jumpman engine\jumpman engine\enginefiles\sourcefiles\juma_shapes.cpp(1): fatal error C1083: Cannot open precompiled header file: 'x64\Debug\jumpman engine.pch': No such file or directory
  JUMA_shaders.cpp
c:\users\moustachespy\documents\visual studio 2015\projects\jumpman engine\jumpman engine\enginefiles\sourcefiles\juma_shaders.cpp(1): fatal error C1083: Cannot open precompiled header file: 'x64\Debug\jumpman engine.pch': No such file or directory
  JUMA_matrices.cpp
c:\users\moustachespy\documents\visual studio 2015\projects\jumpman engine\jumpman engine\enginefiles\sourcefiles\juma_matrices.cpp(1): fatal error C1083: Cannot open precompiled header file: 'x64\Debug\jumpman engine.pch': No such file or directory
  JUMA_materials.cpp
c:\users\moustachespy\documents\visual studio 2015\projects\jumpman engine\jumpman engine\enginefiles\sourcefiles\juma_materials.cpp(1): fatal error C1083: Cannot open precompiled header file: 'x64\Debug\jumpman engine.pch': No such file or directory
  JUMA_liftoff.cpp
c:\users\moustachespy\documents\visual studio 2015\projects\jumpman engine\jumpman engine\enginefiles\sourcefiles\juma_liftoff.cpp(1): fatal error C1083: Cannot open precompiled header file: 'x64\Debug\jumpman engine.pch': No such file or directory
  JUMA_gameObject.cpp
c:\users\moustachespy\documents\visual studio 2015\projects\jumpman engine\jumpman engine\enginefiles\sourcefiles\juma_gameobject.cpp(1): fatal error C1083: Cannot open precompiled header file: 'x64\Debug\jumpman engine.pch': No such file or directory
  JUMA_font.cpp
c:\users\moustachespy\documents\visual studio 2015\projects\jumpman engine\jumpman engine\enginefiles\sourcefiles\juma_font.cpp(1): fatal error C1083: Cannot open precompiled header file: 'x64\Debug\jumpman engine.pch': No such file or directory
  JUMA_bitmanipulator.cpp
c:\users\moustachespy\documents\visual studio 2015\projects\jumpman engine\jumpman engine\enginefiles\sourcefiles\juma_bitmanipulator.cpp(1): fatal error C1083: Cannot open precompiled header file: 'x64\Debug\jumpman engine.pch': No such file or directory
  JUMA_audio.cpp
c:\users\moustachespy\documents\visual studio 2015\projects\jumpman engine\jumpman engine\enginefiles\sourcefiles\juma_audio.cpp(1): fatal error C1083: Cannot open precompiled header file: 'x64\Debug\jumpman engine.pch': No such file or directory
  JUMA_animatedTexture.cpp
c:\users\moustachespy\documents\visual studio 2015\projects\jumpman engine\jumpman engine\enginefiles\sourcefiles\juma_animatedtexture.cpp(1): fatal error C1083: Cannot open precompiled header file: 'x64\Debug\jumpman engine.pch': No such file or directory
  Generating Code...
